<!DOCTYPE html>

<html>
  <head>
  <meta charset='utf-8'>
  <title>TestNG reports</title>

    <link type="text/css" href="testng-reports1.css" rel="stylesheet" id="ultra" />
    <link type="text/css" href="testng-reports.css" rel="stylesheet" id="retro" disabled="false"/>
    <script type="text/javascript" src="jquery-3.6.0.min.js"></script>
    <script type="text/javascript" src="testng-reports.js"></script>
    <script type="text/javascript" src="https://www.google.com/jsapi"></script>
    <script type='text/javascript'>
      google.load('visualization', '1', {packages:['table']});
      google.setOnLoadCallback(drawTable);
      var suiteTableInitFunctions = new Array();
      var suiteTableData = new Array();
    </script>
    <!--
      <script type="text/javascript" src="jquery-ui/js/jquery-ui-1.8.16.custom.min.js"></script>
     -->
  </head>

  <body>    <div class="top-banner-root">
      <span class="top-banner-title-font">Test results</span>
      <button id="button" class="button">Switch Retro Theme</button> <!-- button -->
      <br/>
      <span class="top-banner-font-1">1 suite, 8 failed tests</span>
    </div> <!-- top-banner-root -->
    <div class="navigator-root">
      <div class="navigator-suite-header">
        <span>All suites</span>
        <a href="#" title="Collapse/expand all the suites" class="collapse-all-link">
          <img src="collapseall.gif" class="collapse-all-icon">
          </img> <!-- collapse-all-icon -->
        </a> <!-- collapse-all-link -->
      </div> <!-- navigator-suite-header -->
      <div class="suite">
        <div class="rounded-window">
          <div class="suite-header light-rounded-window-top">
            <a href="#" panel-name="suite-BillHub_Test_Automation_Test_Suite" class="navigator-link">
              <span class="suite-name border-failed">BillHub Test Automation Test Suite</span>
            </a> <!-- navigator-link -->
          </div> <!-- suite-header light-rounded-window-top -->
          <div class="navigator-suite-content">
            <div class="suite-section-title">
              <span>Info</span>
            </div> <!-- suite-section-title -->
            <div class="suite-section-content">
              <ul>
                <li>
                  <a href="#" panel-name="test-xml-BillHub_Test_Automation_Test_Suite" class="navigator-link ">
                    <span>C:\Users\nisha\eclipse-workspace\BillHubTest\src\main\resources\testng.xml</span>
                  </a> <!-- navigator-link  -->
                </li>
                <li>
                  <a href="#" panel-name="testlist-BillHub_Test_Automation_Test_Suite" class="navigator-link ">
                    <span class="test-stats">1 test</span>
                  </a> <!-- navigator-link  -->
                </li>
                <li>
                  <a href="#" panel-name="group-BillHub_Test_Automation_Test_Suite" class="navigator-link ">
                    <span>0 groups</span>
                  </a> <!-- navigator-link  -->
                </li>
                <li>
                  <a href="#" panel-name="times-BillHub_Test_Automation_Test_Suite" class="navigator-link ">
                    <span>Times</span>
                  </a> <!-- navigator-link  -->
                </li>
                <li>
                  <a href="#" panel-name="reporter-BillHub_Test_Automation_Test_Suite" class="navigator-link ">
                    <span>Reporter output</span>
                  </a> <!-- navigator-link  -->
                </li>
                <li>
                  <a href="#" panel-name="ignored-methods-BillHub_Test_Automation_Test_Suite" class="navigator-link ">
                    <span>Ignored methods</span>
                  </a> <!-- navigator-link  -->
                </li>
                <li>
                  <a href="#" panel-name="chronological-BillHub_Test_Automation_Test_Suite" class="navigator-link ">
                    <span>Chronological view</span>
                  </a> <!-- navigator-link  -->
                </li>
              </ul>
            </div> <!-- suite-section-content -->
            <div class="result-section">
              <div class="suite-section-title">
                <span>Results</span>
              </div> <!-- suite-section-title -->
              <div class="suite-section-content">
                <ul>
                  <li>
                    <span class="method-stats">9 methods, 8 failed,   1 passed</span>
                  </li>
                  <li>
                    <span class="method-list-title failed">Failed methods</span>
                    <span class="show-or-hide-methods failed">
                      <a href="#" panel-name="suite-BillHub_Test_Automation_Test_Suite" class="hide-methods failed suite-BillHub_Test_Automation_Test_Suite"> (hide)</a> <!-- hide-methods failed suite-BillHub_Test_Automation_Test_Suite -->
                      <a href="#" panel-name="suite-BillHub_Test_Automation_Test_Suite" class="show-methods failed suite-BillHub_Test_Automation_Test_Suite"> (show)</a> <!-- show-methods failed suite-BillHub_Test_Automation_Test_Suite -->
                    </span>
                    <div class="method-list-content failed suite-BillHub_Test_Automation_Test_Suite">
                      <span>
                        <img src="failed.png" width="3%"/>
                        <a href="#" panel-name="suite-BillHub_Test_Automation_Test_Suite" title="com.billhub.qa.testcases.CustomerPageTest" class="method navigator-link" hash-for-method="AddCustomerWithInvalidDataTest">AddCustomerWithInvalidDataTest</a> <!-- method navigator-link -->
                      </span>
                      <br/>
                      <span>
                        <img src="failed.png" width="3%"/>
                        <a href="#" panel-name="suite-BillHub_Test_Automation_Test_Suite" title="com.billhub.qa.testcases.CustomerPageTest" class="method navigator-link" hash-for-method="AddCustomerWithoutDataTest">AddCustomerWithoutDataTest</a> <!-- method navigator-link -->
                      </span>
                      <br/>
                      <span>
                        <img src="failed.png" width="3%"/>
                        <a href="#" panel-name="suite-BillHub_Test_Automation_Test_Suite" title="com.billhub.qa.testcases.CustomerPageTest" class="method navigator-link" hash-for-method="CustomerAppearanceTest">CustomerAppearanceTest</a> <!-- method navigator-link -->
                      </span>
                      <br/>
                      <span>
                        <img src="failed.png" width="3%"/>
                        <a href="#" panel-name="suite-BillHub_Test_Automation_Test_Suite" title="com.billhub.qa.testcases.CustomerPageTest" class="method navigator-link" hash-for-method="SearchCustomerByCodeTest">SearchCustomerByCodeTest</a> <!-- method navigator-link -->
                      </span>
                      <br/>
                      <span>
                        <img src="failed.png" width="3%"/>
                        <a href="#" panel-name="suite-BillHub_Test_Automation_Test_Suite" title="com.billhub.qa.testcases.CustomerPageTest" class="method navigator-link" hash-for-method="SearchCustomerByNameTest">SearchCustomerByNameTest</a> <!-- method navigator-link -->
                      </span>
                      <br/>
                      <span>
                        <img src="failed.png" width="3%"/>
                        <a href="#" panel-name="suite-BillHub_Test_Automation_Test_Suite" title="com.billhub.qa.testcases.BAPageTest" class="method navigator-link" hash-for-method="addNewBaWithInvalidDataTest">addNewBaWithInvalidDataTest</a> <!-- method navigator-link -->
                      </span>
                      <br/>
                      <span>
                        <img src="failed.png" width="3%"/>
                        <a href="#" panel-name="suite-BillHub_Test_Automation_Test_Suite" title="com.billhub.qa.testcases.BAPageTest" class="method navigator-link" hash-for-method="addNewBaWithValidDataTest">addNewBaWithValidDataTest</a> <!-- method navigator-link -->
                      </span>
                      <br/>
                      <span>
                        <img src="failed.png" width="3%"/>
                        <a href="#" panel-name="suite-BillHub_Test_Automation_Test_Suite" title="com.billhub.qa.testcases.BAPageTest" class="method navigator-link" hash-for-method="addNewBaWithoutDataTest">addNewBaWithoutDataTest</a> <!-- method navigator-link -->
                      </span>
                      <br/>
                    </div> <!-- method-list-content failed suite-BillHub_Test_Automation_Test_Suite -->
                  </li>
                  <li>
                    <span class="method-list-title passed">Passed methods</span>
                    <span class="show-or-hide-methods passed">
                      <a href="#" panel-name="suite-BillHub_Test_Automation_Test_Suite" class="hide-methods passed suite-BillHub_Test_Automation_Test_Suite"> (hide)</a> <!-- hide-methods passed suite-BillHub_Test_Automation_Test_Suite -->
                      <a href="#" panel-name="suite-BillHub_Test_Automation_Test_Suite" class="show-methods passed suite-BillHub_Test_Automation_Test_Suite"> (show)</a> <!-- show-methods passed suite-BillHub_Test_Automation_Test_Suite -->
                    </span>
                    <div class="method-list-content passed suite-BillHub_Test_Automation_Test_Suite">
                      <span>
                        <img src="passed.png" width="3%"/>
                        <a href="#" panel-name="suite-BillHub_Test_Automation_Test_Suite" title="com.billhub.qa.testcases.CustomerPageTest" class="method navigator-link" hash-for-method="AddCustomerWithValdiDataTest">AddCustomerWithValdiDataTest</a> <!-- method navigator-link -->
                      </span>
                      <br/>
                    </div> <!-- method-list-content passed suite-BillHub_Test_Automation_Test_Suite -->
                  </li>
                </ul>
              </div> <!-- suite-section-content -->
            </div> <!-- result-section -->
          </div> <!-- navigator-suite-content -->
        </div> <!-- rounded-window -->
      </div> <!-- suite -->
    </div> <!-- navigator-root -->
    <div class="wrapper">
      <div class="main-panel-root">
        <div panel-name="suite-BillHub_Test_Automation_Test_Suite" class="panel BillHub_Test_Automation_Test_Suite">
          <div class="suite-BillHub_Test_Automation_Test_Suite-class-failed">
            <div class="main-panel-header rounded-window-top">
              <img src="failed.png"/>
              <span class="class-name">com.billhub.qa.testcases.BAPageTest</span>
            </div> <!-- main-panel-header rounded-window-top -->
            <div class="main-panel-content rounded-window-bottom">
              <div class="method">
                <div class="method-content">
                  <a name="addNewBaWithInvalidDataTest">
                  </a> <!-- addNewBaWithInvalidDataTest -->
                  <span class="method-name">addNewBaWithInvalidDataTest</span>
                  <div class="stack-trace">org.openqa.selenium.TimeoutException: Expected condition failed: waiting for visibility of element located by By.cssSelector: div[aria-label=&apos;BA Data Added successfully&apos;] (tried for 5 second(s) with 500 milliseconds interval)
Build info: version: &apos;4.17.0&apos;, revision: &apos;e52b1be057*&apos;
System info: os.name: &apos;Windows 11&apos;, os.arch: &apos;amd64&apos;, os.version: &apos;10.0&apos;, java.version: &apos;21.0.2&apos;
Driver info: org.openqa.selenium.chrome.ChromeDriver
Capabilities {acceptInsecureCerts: false, browserName: chrome, browserVersion: 121.0.6167.161, chrome: {chromedriverVersion: 121.0.6167.85 (3f98d690ad7e..., userDataDir: C:\Users\nisha\AppData\Loca...}, fedcm:accounts: true, goog:chromeOptions: {debuggerAddress: localhost:54178}, networkConnectionEnabled: false, pageLoadStrategy: normal, platformName: windows, proxy: Proxy(), se:cdp: ws://localhost:54178/devtoo..., se:cdpVersion: 121.0.6167.161, setWindowRect: true, strictFileInteractability: false, timeouts: {implicit: 0, pageLoad: 300000, script: 30000}, unhandledPromptBehavior: dismiss and notify, webauthn:extension:credBlob: true, webauthn:extension:largeBlob: true, webauthn:extension:minPinLength: true, webauthn:extension:prf: true, webauthn:virtualAuthenticators: true}
Session ID: fe804e5d6f725e2438bcd26888a5b5b0
	at org.openqa.selenium.support.ui.WebDriverWait.timeoutException(WebDriverWait.java:84)
	at org.openqa.selenium.support.ui.FluentWait.until(FluentWait.java:228)
	at com.billhub.qa.pages.BAPage.addNewBA(BAPage.java:63)
	at com.billhub.qa.testcases.BAPageTest.addNewBaWithInvalidDataTest(BAPageTest.java:39)
	at java.base/java.util.ArrayList.forEach(ArrayList.java:1596)
... Removed 25 stack frames
</div> <!-- stack-trace -->
                </div> <!-- method-content -->
              </div> <!-- method -->
              <div class="method">
                <div class="method-content">
                  <a name="addNewBaWithValidDataTest">
                  </a> <!-- addNewBaWithValidDataTest -->
                  <span class="method-name">addNewBaWithValidDataTest</span>
                  <div class="stack-trace">org.openqa.selenium.TimeoutException: Expected condition failed: waiting for visibility of element located by By.cssSelector: div[aria-label=&apos;BA Data Added successfully&apos;] (tried for 5 second(s) with 500 milliseconds interval)
Build info: version: &apos;4.17.0&apos;, revision: &apos;e52b1be057*&apos;
System info: os.name: &apos;Windows 11&apos;, os.arch: &apos;amd64&apos;, os.version: &apos;10.0&apos;, java.version: &apos;21.0.2&apos;
Driver info: org.openqa.selenium.chrome.ChromeDriver
Capabilities {acceptInsecureCerts: false, browserName: chrome, browserVersion: 121.0.6167.161, chrome: {chromedriverVersion: 121.0.6167.85 (3f98d690ad7e..., userDataDir: C:\Users\nisha\AppData\Loca...}, fedcm:accounts: true, goog:chromeOptions: {debuggerAddress: localhost:54178}, networkConnectionEnabled: false, pageLoadStrategy: normal, platformName: windows, proxy: Proxy(), se:cdp: ws://localhost:54178/devtoo..., se:cdpVersion: 121.0.6167.161, setWindowRect: true, strictFileInteractability: false, timeouts: {implicit: 0, pageLoad: 300000, script: 30000}, unhandledPromptBehavior: dismiss and notify, webauthn:extension:credBlob: true, webauthn:extension:largeBlob: true, webauthn:extension:minPinLength: true, webauthn:extension:prf: true, webauthn:virtualAuthenticators: true}
Session ID: fe804e5d6f725e2438bcd26888a5b5b0
	at org.openqa.selenium.support.ui.WebDriverWait.timeoutException(WebDriverWait.java:84)
	at org.openqa.selenium.support.ui.FluentWait.until(FluentWait.java:228)
	at com.billhub.qa.pages.BAPage.addNewBA(BAPage.java:63)
	at com.billhub.qa.testcases.BAPageTest.addNewBaWithValidDataTest(BAPageTest.java:33)
	at java.base/java.util.ArrayList.forEach(ArrayList.java:1596)
... Removed 25 stack frames
</div> <!-- stack-trace -->
                </div> <!-- method-content -->
              </div> <!-- method -->
              <div class="method">
                <div class="method-content">
                  <a name="addNewBaWithoutDataTest">
                  </a> <!-- addNewBaWithoutDataTest -->
                  <span class="method-name">addNewBaWithoutDataTest</span>
                  <div class="stack-trace">org.openqa.selenium.TimeoutException: Expected condition failed: waiting for visibility of element located by By.cssSelector: div[aria-label=&apos;BA Data Added successfully&apos;] (tried for 5 second(s) with 500 milliseconds interval)
Build info: version: &apos;4.17.0&apos;, revision: &apos;e52b1be057*&apos;
System info: os.name: &apos;Windows 11&apos;, os.arch: &apos;amd64&apos;, os.version: &apos;10.0&apos;, java.version: &apos;21.0.2&apos;
Driver info: org.openqa.selenium.chrome.ChromeDriver
Capabilities {acceptInsecureCerts: false, browserName: chrome, browserVersion: 121.0.6167.161, chrome: {chromedriverVersion: 121.0.6167.85 (3f98d690ad7e..., userDataDir: C:\Users\nisha\AppData\Loca...}, fedcm:accounts: true, goog:chromeOptions: {debuggerAddress: localhost:54178}, networkConnectionEnabled: false, pageLoadStrategy: normal, platformName: windows, proxy: Proxy(), se:cdp: ws://localhost:54178/devtoo..., se:cdpVersion: 121.0.6167.161, setWindowRect: true, strictFileInteractability: false, timeouts: {implicit: 0, pageLoad: 300000, script: 30000}, unhandledPromptBehavior: dismiss and notify, webauthn:extension:credBlob: true, webauthn:extension:largeBlob: true, webauthn:extension:minPinLength: true, webauthn:extension:prf: true, webauthn:virtualAuthenticators: true}
Session ID: fe804e5d6f725e2438bcd26888a5b5b0
	at org.openqa.selenium.support.ui.WebDriverWait.timeoutException(WebDriverWait.java:84)
	at org.openqa.selenium.support.ui.FluentWait.until(FluentWait.java:228)
	at com.billhub.qa.pages.BAPage.addNewBA(BAPage.java:63)
	at com.billhub.qa.testcases.BAPageTest.addNewBaWithoutDataTest(BAPageTest.java:45)
	at java.base/java.util.ArrayList.forEach(ArrayList.java:1596)
... Removed 25 stack frames
</div> <!-- stack-trace -->
                </div> <!-- method-content -->
              </div> <!-- method -->
            </div> <!-- main-panel-content rounded-window-bottom -->
          </div> <!-- suite-BillHub_Test_Automation_Test_Suite-class-failed -->
          <div class="suite-BillHub_Test_Automation_Test_Suite-class-failed">
            <div class="main-panel-header rounded-window-top">
              <img src="failed.png"/>
              <span class="class-name">com.billhub.qa.testcases.CustomerPageTest</span>
            </div> <!-- main-panel-header rounded-window-top -->
            <div class="main-panel-content rounded-window-bottom">
              <div class="method">
                <div class="method-content">
                  <a name="AddCustomerWithInvalidDataTest">
                  </a> <!-- AddCustomerWithInvalidDataTest -->
                  <span class="method-name">AddCustomerWithInvalidDataTest</span>
                  <div class="stack-trace">java.lang.AssertionError: Test failed as invalid data saved successfully. expected [false] but found [true]
	at com.billhub.qa.testcases.CustomerPageTest.AddCustomerWithInvalidDataTest(CustomerPageTest.java:50)
	at java.base/java.util.ArrayList.forEach(ArrayList.java:1596)
... Removed 28 stack frames
</div> <!-- stack-trace -->
                </div> <!-- method-content -->
              </div> <!-- method -->
              <div class="method">
                <div class="method-content">
                  <a name="AddCustomerWithoutDataTest">
                  </a> <!-- AddCustomerWithoutDataTest -->
                  <span class="method-name">AddCustomerWithoutDataTest</span>
                  <div class="stack-trace">java.lang.AssertionError: Test failed as it has not saved with blank data expected [true] but found [false]
	at com.billhub.qa.testcases.CustomerPageTest.AddCustomerWithoutDataTest(CustomerPageTest.java:67)
	at java.base/java.util.ArrayList.forEach(ArrayList.java:1596)
... Removed 28 stack frames
</div> <!-- stack-trace -->
                </div> <!-- method-content -->
              </div> <!-- method -->
              <div class="method">
                <div class="method-content">
                  <a name="CustomerAppearanceTest">
                  </a> <!-- CustomerAppearanceTest -->
                  <span class="method-name">CustomerAppearanceTest</span>
                  <div class="stack-trace">org.openqa.selenium.ElementClickInterceptedException: element click intercepted: Element &lt;button _ngcontent-ley-c152=&quot;&quot; class=&quot;btn btn-secondary btn-verify-blue active&quot;&gt;...&lt;/button&gt; is not clickable at point (1317, 111). Other element would receive the click: &lt;modal-container role=&quot;dialog&quot; tabindex=&quot;-1&quot; class=&quot;modal fade show&quot; style=&quot;display: block;&quot; aria-modal=&quot;true&quot;&gt;...&lt;/modal-container&gt;
  (Session info: chrome=121.0.6167.161)
Build info: version: &apos;4.17.0&apos;, revision: &apos;e52b1be057*&apos;
System info: os.name: &apos;Windows 11&apos;, os.arch: &apos;amd64&apos;, os.version: &apos;10.0&apos;, java.version: &apos;21.0.2&apos;
Driver info: org.openqa.selenium.chrome.ChromeDriver
Command: [1d1949dbe3e2d970c4c86e5544d60244, clickElement {id=9BE1DE8989688F767D494A2097E753B2_element_124}]
Capabilities {acceptInsecureCerts: false, browserName: chrome, browserVersion: 121.0.6167.161, chrome: {chromedriverVersion: 121.0.6167.85 (3f98d690ad7e..., userDataDir: C:\Users\nisha\AppData\Loca...}, fedcm:accounts: true, goog:chromeOptions: {debuggerAddress: localhost:54140}, networkConnectionEnabled: false, pageLoadStrategy: normal, platformName: windows, proxy: Proxy(), se:cdp: ws://localhost:54140/devtoo..., se:cdpVersion: 121.0.6167.161, setWindowRect: true, strictFileInteractability: false, timeouts: {implicit: 0, pageLoad: 300000, script: 30000}, unhandledPromptBehavior: dismiss and notify, webauthn:extension:credBlob: true, webauthn:extension:largeBlob: true, webauthn:extension:minPinLength: true, webauthn:extension:prf: true, webauthn:virtualAuthenticators: true}
Element: [[ChromeDriver: chrome on windows (1d1949dbe3e2d970c4c86e5544d60244)] -&gt; xpath: //button[@class=&apos;btn btn-secondary btn-verify-blue active&apos;]]
Session ID: 1d1949dbe3e2d970c4c86e5544d60244
	at org.openqa.selenium.remote.codec.w3c.W3CHttpResponseCodec.createException(W3CHttpResponseCodec.java:185)
	at org.openqa.selenium.remote.codec.w3c.W3CHttpResponseCodec.decode(W3CHttpResponseCodec.java:134)
	at org.openqa.selenium.remote.codec.w3c.W3CHttpResponseCodec.decode(W3CHttpResponseCodec.java:51)
	at org.openqa.selenium.remote.HttpCommandExecutor.execute(HttpCommandExecutor.java:190)
	at org.openqa.selenium.remote.service.DriverCommandExecutor.invokeExecute(DriverCommandExecutor.java:216)
	at org.openqa.selenium.remote.service.DriverCommandExecutor.execute(DriverCommandExecutor.java:174)
	at org.openqa.selenium.remote.RemoteWebDriver.execute(RemoteWebDriver.java:519)
	at org.openqa.selenium.remote.RemoteWebElement.execute(RemoteWebElement.java:223)
	at org.openqa.selenium.remote.RemoteWebElement.click(RemoteWebElement.java:76)
	at org.openqa.selenium.support.pagefactory.internal.LocatingElementHandler.invoke(LocatingElementHandler.java:51)
	at jdk.proxy2/jdk.proxy2.$Proxy12.click(Unknown Source)
	at com.billhub.qa.pages.CustomerPage.validateCustomerInTable(CustomerPage.java:88)
	at com.billhub.qa.testcases.CustomerPageTest.CustomerAppearanceTest(CustomerPageTest.java:60)
	at java.base/java.util.ArrayList.forEach(ArrayList.java:1596)
... Removed 30 stack frames
</div> <!-- stack-trace -->
                </div> <!-- method-content -->
              </div> <!-- method -->
              <div class="method">
                <div class="method-content">
                  <a name="SearchCustomerByCodeTest">
                  </a> <!-- SearchCustomerByCodeTest -->
                  <span class="method-name">SearchCustomerByCodeTest</span>
                  <div class="stack-trace">org.openqa.selenium.ElementClickInterceptedException: element click intercepted: Element &lt;button _ngcontent-ley-c152=&quot;&quot; type=&quot;submit&quot; class=&quot;btn btn-primary btn-block&quot;&gt;...&lt;/button&gt; is not clickable at point (768, 215). Other element would receive the click: &lt;div _ngcontent-ley-c162=&quot;&quot; class=&quot;row&quot;&gt;...&lt;/div&gt;
  (Session info: chrome=121.0.6167.161)
Build info: version: &apos;4.17.0&apos;, revision: &apos;e52b1be057*&apos;
System info: os.name: &apos;Windows 11&apos;, os.arch: &apos;amd64&apos;, os.version: &apos;10.0&apos;, java.version: &apos;21.0.2&apos;
Driver info: org.openqa.selenium.chrome.ChromeDriver
Command: [1d1949dbe3e2d970c4c86e5544d60244, clickElement {id=9BE1DE8989688F767D494A2097E753B2_element_398}]
Capabilities {acceptInsecureCerts: false, browserName: chrome, browserVersion: 121.0.6167.161, chrome: {chromedriverVersion: 121.0.6167.85 (3f98d690ad7e..., userDataDir: C:\Users\nisha\AppData\Loca...}, fedcm:accounts: true, goog:chromeOptions: {debuggerAddress: localhost:54140}, networkConnectionEnabled: false, pageLoadStrategy: normal, platformName: windows, proxy: Proxy(), se:cdp: ws://localhost:54140/devtoo..., se:cdpVersion: 121.0.6167.161, setWindowRect: true, strictFileInteractability: false, timeouts: {implicit: 0, pageLoad: 300000, script: 30000}, unhandledPromptBehavior: dismiss and notify, webauthn:extension:credBlob: true, webauthn:extension:largeBlob: true, webauthn:extension:minPinLength: true, webauthn:extension:prf: true, webauthn:virtualAuthenticators: true}
Element: [[ChromeDriver: chrome on windows (1d1949dbe3e2d970c4c86e5544d60244)] -&gt; xpath: //button[normalize-space()=&apos;Search&apos;]]
Session ID: 1d1949dbe3e2d970c4c86e5544d60244
	at org.openqa.selenium.remote.codec.w3c.W3CHttpResponseCodec.createException(W3CHttpResponseCodec.java:185)
	at org.openqa.selenium.remote.codec.w3c.W3CHttpResponseCodec.decode(W3CHttpResponseCodec.java:134)
	at org.openqa.selenium.remote.codec.w3c.W3CHttpResponseCodec.decode(W3CHttpResponseCodec.java:51)
	at org.openqa.selenium.remote.HttpCommandExecutor.execute(HttpCommandExecutor.java:190)
	at org.openqa.selenium.remote.service.DriverCommandExecutor.invokeExecute(DriverCommandExecutor.java:216)
	at org.openqa.selenium.remote.service.DriverCommandExecutor.execute(DriverCommandExecutor.java:174)
	at org.openqa.selenium.remote.RemoteWebDriver.execute(RemoteWebDriver.java:519)
	at org.openqa.selenium.remote.RemoteWebElement.execute(RemoteWebElement.java:223)
	at org.openqa.selenium.remote.RemoteWebElement.click(RemoteWebElement.java:76)
	at org.openqa.selenium.support.pagefactory.internal.LocatingElementHandler.invoke(LocatingElementHandler.java:51)
	at jdk.proxy2/jdk.proxy2.$Proxy12.click(Unknown Source)
	at com.billhub.qa.pages.CustomerPage.validateSearchCustomerByCode(CustomerPage.java:56)
	at com.billhub.qa.testcases.CustomerPageTest.SearchCustomerByCodeTest(CustomerPageTest.java:42)
	at java.base/java.util.ArrayList.forEach(ArrayList.java:1596)
... Removed 30 stack frames
</div> <!-- stack-trace -->
                </div> <!-- method-content -->
              </div> <!-- method -->
              <div class="method">
                <div class="method-content">
                  <a name="SearchCustomerByNameTest">
                  </a> <!-- SearchCustomerByNameTest -->
                  <span class="method-name">SearchCustomerByNameTest</span>
                  <div class="stack-trace">org.openqa.selenium.ElementClickInterceptedException: element click intercepted: Element &lt;button _ngcontent-ley-c152=&quot;&quot; type=&quot;submit&quot; class=&quot;btn btn-primary btn-block&quot;&gt;...&lt;/button&gt; is not clickable at point (768, 215). Other element would receive the click: &lt;div _ngcontent-ley-c162=&quot;&quot; class=&quot;row&quot;&gt;...&lt;/div&gt;
  (Session info: chrome=121.0.6167.161)
Build info: version: &apos;4.17.0&apos;, revision: &apos;e52b1be057*&apos;
System info: os.name: &apos;Windows 11&apos;, os.arch: &apos;amd64&apos;, os.version: &apos;10.0&apos;, java.version: &apos;21.0.2&apos;
Driver info: org.openqa.selenium.chrome.ChromeDriver
Command: [1d1949dbe3e2d970c4c86e5544d60244, clickElement {id=9BE1DE8989688F767D494A2097E753B2_element_398}]
Capabilities {acceptInsecureCerts: false, browserName: chrome, browserVersion: 121.0.6167.161, chrome: {chromedriverVersion: 121.0.6167.85 (3f98d690ad7e..., userDataDir: C:\Users\nisha\AppData\Loca...}, fedcm:accounts: true, goog:chromeOptions: {debuggerAddress: localhost:54140}, networkConnectionEnabled: false, pageLoadStrategy: normal, platformName: windows, proxy: Proxy(), se:cdp: ws://localhost:54140/devtoo..., se:cdpVersion: 121.0.6167.161, setWindowRect: true, strictFileInteractability: false, timeouts: {implicit: 0, pageLoad: 300000, script: 30000}, unhandledPromptBehavior: dismiss and notify, webauthn:extension:credBlob: true, webauthn:extension:largeBlob: true, webauthn:extension:minPinLength: true, webauthn:extension:prf: true, webauthn:virtualAuthenticators: true}
Element: [[ChromeDriver: chrome on windows (1d1949dbe3e2d970c4c86e5544d60244)] -&gt; xpath: //button[normalize-space()=&apos;Search&apos;]]
Session ID: 1d1949dbe3e2d970c4c86e5544d60244
	at org.openqa.selenium.remote.codec.w3c.W3CHttpResponseCodec.createException(W3CHttpResponseCodec.java:185)
	at org.openqa.selenium.remote.codec.w3c.W3CHttpResponseCodec.decode(W3CHttpResponseCodec.java:134)
	at org.openqa.selenium.remote.codec.w3c.W3CHttpResponseCodec.decode(W3CHttpResponseCodec.java:51)
	at org.openqa.selenium.remote.HttpCommandExecutor.execute(HttpCommandExecutor.java:190)
	at org.openqa.selenium.remote.service.DriverCommandExecutor.invokeExecute(DriverCommandExecutor.java:216)
	at org.openqa.selenium.remote.service.DriverCommandExecutor.execute(DriverCommandExecutor.java:174)
	at org.openqa.selenium.remote.RemoteWebDriver.execute(RemoteWebDriver.java:519)
	at org.openqa.selenium.remote.RemoteWebElement.execute(RemoteWebElement.java:223)
	at org.openqa.selenium.remote.RemoteWebElement.click(RemoteWebElement.java:76)
	at org.openqa.selenium.support.pagefactory.internal.LocatingElementHandler.invoke(LocatingElementHandler.java:51)
	at jdk.proxy2/jdk.proxy2.$Proxy12.click(Unknown Source)
	at com.billhub.qa.pages.CustomerPage.validateSearchCustomerByName(CustomerPage.java:46)
	at com.billhub.qa.testcases.CustomerPageTest.SearchCustomerByNameTest(CustomerPageTest.java:37)
	at java.base/java.util.ArrayList.forEach(ArrayList.java:1596)
... Removed 30 stack frames
</div> <!-- stack-trace -->
                </div> <!-- method-content -->
              </div> <!-- method -->
            </div> <!-- main-panel-content rounded-window-bottom -->
          </div> <!-- suite-BillHub_Test_Automation_Test_Suite-class-failed -->
          <div class="suite-BillHub_Test_Automation_Test_Suite-class-passed">
            <div class="main-panel-header rounded-window-top">
              <img src="passed.png"/>
              <span class="class-name">com.billhub.qa.testcases.CustomerPageTest</span>
            </div> <!-- main-panel-header rounded-window-top -->
            <div class="main-panel-content rounded-window-bottom">
              <div class="method">
                <div class="method-content">
                  <a name="AddCustomerWithValdiDataTest">
                  </a> <!-- AddCustomerWithValdiDataTest -->
                  <span class="method-name">AddCustomerWithValdiDataTest</span>
                </div> <!-- method-content -->
              </div> <!-- method -->
            </div> <!-- main-panel-content rounded-window-bottom -->
          </div> <!-- suite-BillHub_Test_Automation_Test_Suite-class-passed -->
        </div> <!-- panel BillHub_Test_Automation_Test_Suite -->
        <div panel-name="test-xml-BillHub_Test_Automation_Test_Suite" class="panel">
          <div class="main-panel-header rounded-window-top">
            <span class="header-content">C:\Users\nisha\eclipse-workspace\BillHubTest\src\main\resources\testng.xml</span>
          </div> <!-- main-panel-header rounded-window-top -->
          <div class="main-panel-content rounded-window-bottom">
            <pre>
&lt;?xml version=&quot;1.0&quot; encoding=&quot;UTF-8&quot;?&gt;
&lt;!DOCTYPE suite SYSTEM &quot;https://testng.org/testng-1.0.dtd&quot;&gt;
&lt;suite name=&quot;BillHub Test Automation Test Suite&quot; guice-stage=&quot;DEVELOPMENT&quot;&gt;
  &lt;listeners&gt;
    &lt;listener class-name=&quot;com.billhub.qa.extentReportListener.ExtentReportNG&quot;/&gt;
  &lt;/listeners&gt;
  &lt;test thread-count=&quot;5&quot; name=&quot;BillHub App Test Cases&quot;&gt;
    &lt;classes&gt;
      &lt;class name=&quot;com.billhub.qa.testcases.CustomerPageTest&quot;/&gt;
      &lt;class name=&quot;com.billhub.qa.testcases.BAPageTest&quot;/&gt;
    &lt;/classes&gt;
  &lt;/test&gt; &lt;!-- BillHub App Test Cases --&gt;
&lt;/suite&gt; &lt;!-- BillHub Test Automation Test Suite --&gt;
            </pre>
          </div> <!-- main-panel-content rounded-window-bottom -->
        </div> <!-- panel -->
        <div panel-name="testlist-BillHub_Test_Automation_Test_Suite" class="panel">
          <div class="main-panel-header rounded-window-top">
            <span class="header-content">Tests for BillHub Test Automation Test Suite</span>
          </div> <!-- main-panel-header rounded-window-top -->
          <div class="main-panel-content rounded-window-bottom">
            <ul>
              <li>
                <span class="test-name">BillHub App Test Cases (2 classes)</span>
              </li>
            </ul>
          </div> <!-- main-panel-content rounded-window-bottom -->
        </div> <!-- panel -->
        <div panel-name="group-BillHub_Test_Automation_Test_Suite" class="panel">
          <div class="main-panel-header rounded-window-top">
            <span class="header-content">Groups for BillHub Test Automation Test Suite</span>
          </div> <!-- main-panel-header rounded-window-top -->
          <div class="main-panel-content rounded-window-bottom">
          </div> <!-- main-panel-content rounded-window-bottom -->
        </div> <!-- panel -->
        <div panel-name="times-BillHub_Test_Automation_Test_Suite" class="panel">
          <div class="main-panel-header rounded-window-top">
            <span class="header-content">Times for BillHub Test Automation Test Suite</span>
          </div> <!-- main-panel-header rounded-window-top -->
          <div class="main-panel-content rounded-window-bottom">
            <div class="times-div">
              <script type="text/javascript">
suiteTableInitFunctions.push('tableData_BillHub_Test_Automation_Test_Suite');
function tableData_BillHub_Test_Automation_Test_Suite() {
var data = new google.visualization.DataTable();
data.addColumn('number', 'Number');
data.addColumn('string', 'Method');
data.addColumn('string', 'Class');
data.addColumn('number', 'Time (ms)');
data.addRows(9);
data.setCell(0, 0, 0)
data.setCell(0, 1, 'AddCustomerWithoutDataTest')
data.setCell(0, 2, 'com.billhub.qa.testcases.CustomerPageTest')
data.setCell(0, 3, 15893);
data.setCell(1, 0, 1)
data.setCell(1, 1, 'addNewBaWithInvalidDataTest')
data.setCell(1, 2, 'com.billhub.qa.testcases.BAPageTest')
data.setCell(1, 3, 11854);
data.setCell(2, 0, 2)
data.setCell(2, 1, 'addNewBaWithValidDataTest')
data.setCell(2, 2, 'com.billhub.qa.testcases.BAPageTest')
data.setCell(2, 3, 11047);
data.setCell(3, 0, 3)
data.setCell(3, 1, 'addNewBaWithoutDataTest')
data.setCell(3, 2, 'com.billhub.qa.testcases.BAPageTest')
data.setCell(3, 3, 10879);
data.setCell(4, 0, 4)
data.setCell(4, 1, 'AddCustomerWithInvalidDataTest')
data.setCell(4, 2, 'com.billhub.qa.testcases.CustomerPageTest')
data.setCell(4, 3, 6605);
data.setCell(5, 0, 5)
data.setCell(5, 1, 'AddCustomerWithValdiDataTest')
data.setCell(5, 2, 'com.billhub.qa.testcases.CustomerPageTest')
data.setCell(5, 3, 6372);
data.setCell(6, 0, 6)
data.setCell(6, 1, 'SearchCustomerByCodeTest')
data.setCell(6, 2, 'com.billhub.qa.testcases.CustomerPageTest')
data.setCell(6, 3, 1210);
data.setCell(7, 0, 7)
data.setCell(7, 1, 'SearchCustomerByNameTest')
data.setCell(7, 2, 'com.billhub.qa.testcases.CustomerPageTest')
data.setCell(7, 3, 1149);
data.setCell(8, 0, 8)
data.setCell(8, 1, 'CustomerAppearanceTest')
data.setCell(8, 2, 'com.billhub.qa.testcases.CustomerPageTest')
data.setCell(8, 3, 1113);
window.suiteTableData['BillHub_Test_Automation_Test_Suite']= { tableData: data, tableDiv: 'times-div-BillHub_Test_Automation_Test_Suite'}
return data;
}
              </script>
              <span class="suite-total-time">Total running time: 1 minutes</span>
              <div id="times-div-BillHub_Test_Automation_Test_Suite">
              </div> <!-- times-div-BillHub_Test_Automation_Test_Suite -->
            </div> <!-- times-div -->
          </div> <!-- main-panel-content rounded-window-bottom -->
        </div> <!-- panel -->
        <div panel-name="reporter-BillHub_Test_Automation_Test_Suite" class="panel">
          <div class="main-panel-header rounded-window-top">
            <span class="header-content">Reporter output for BillHub Test Automation Test Suite</span>
          </div> <!-- main-panel-header rounded-window-top -->
          <div class="main-panel-content rounded-window-bottom">
          </div> <!-- main-panel-content rounded-window-bottom -->
        </div> <!-- panel -->
        <div panel-name="ignored-methods-BillHub_Test_Automation_Test_Suite" class="panel">
          <div class="main-panel-header rounded-window-top">
            <span class="header-content">0 ignored methods</span>
          </div> <!-- main-panel-header rounded-window-top -->
          <div class="main-panel-content rounded-window-bottom">
          </div> <!-- main-panel-content rounded-window-bottom -->
        </div> <!-- panel -->
        <div panel-name="chronological-BillHub_Test_Automation_Test_Suite" class="panel">
          <div class="main-panel-header rounded-window-top">
            <span class="header-content">Methods in chronological order</span>
          </div> <!-- main-panel-header rounded-window-top -->
          <div class="main-panel-content rounded-window-bottom">
            <div class="chronological-class">
              <div class="chronological-class-name">com.billhub.qa.testcases.CustomerPageTest</div> <!-- chronological-class-name -->
              <div class="configuration-class before">
                <span class="method-name">setup</span>
                <span class="method-start">0 ms</span>
              </div> <!-- configuration-class before -->
              <div class="test-method">
                <img src="failed.png">
                </img>
                <span class="method-name">AddCustomerWithInvalidDataTest</span>
                <span class="method-start">36433 ms</span>
              </div> <!-- test-method -->
              <div class="test-method">
                <span class="method-name">AddCustomerWithValdiDataTest</span>
                <span class="method-start">43041 ms</span>
              </div> <!-- test-method -->
              <div class="test-method">
                <img src="failed.png">
                </img>
                <span class="method-name">AddCustomerWithoutDataTest</span>
                <span class="method-start">49415 ms</span>
              </div> <!-- test-method -->
              <div class="test-method">
                <img src="failed.png">
                </img>
                <span class="method-name">CustomerAppearanceTest</span>
                <span class="method-start">65311 ms</span>
              </div> <!-- test-method -->
              <div class="test-method">
                <img src="failed.png">
                </img>
                <span class="method-name">SearchCustomerByCodeTest</span>
                <span class="method-start">66428 ms</span>
              </div> <!-- test-method -->
              <div class="test-method">
                <img src="failed.png">
                </img>
                <span class="method-name">SearchCustomerByNameTest</span>
                <span class="method-start">67640 ms</span>
              </div> <!-- test-method -->
              <div class="configuration-class after">
                <span class="method-name">tearDown</span>
                <span class="method-start">68792 ms</span>
              </div> <!-- configuration-class after -->
            </div> <!-- chronological-class -->
            <div class="chronological-class">
              <div class="chronological-class-name">com.billhub.qa.testcases.BAPageTest</div> <!-- chronological-class-name -->
              <div class="configuration-class before">
                <span class="method-name">setup</span>
                <span class="method-start">68923 ms</span>
              </div> <!-- configuration-class before -->
              <div class="test-method">
                <img src="failed.png">
                </img>
                <span class="method-name">addNewBaWithInvalidDataTest</span>
                <span class="method-start">105168 ms</span>
              </div> <!-- test-method -->
              <div class="test-method">
                <img src="failed.png">
                </img>
                <span class="method-name">addNewBaWithValidDataTest</span>
                <span class="method-start">117025 ms</span>
              </div> <!-- test-method -->
              <div class="test-method">
                <img src="failed.png">
                </img>
                <span class="method-name">addNewBaWithoutDataTest</span>
                <span class="method-start">128074 ms</span>
              </div> <!-- test-method -->
              <div class="configuration-class after">
                <span class="method-name">tearDown</span>
                <span class="method-start">138955 ms</span>
              </div> <!-- configuration-class after -->
          </div> <!-- main-panel-content rounded-window-bottom -->
        </div> <!-- panel -->
      </div> <!-- main-panel-root -->
    </div> <!-- wrapper -->
  </body>
<script type="text/javascript" src="testng-reports2.js"></script>
</html>
