<?xml version="1.0" encoding="UTF-8"?>
<!-- Generated by org.testng.reporters.JUnitReportReporter -->
<testsuite hostname="LAPTOP-T9TC6QDG" failures="1" tests="13" name="com.billhub.qa.testcases.UserPageTest" time="108.555" errors="0" timestamp="2024-03-28T17:54:30 IST" skipped="0">
  <testcase classname="com.billhub.qa.testcases.UserPageTest" name="addNewUserWithValidDataTest" time="3.754"/>
  <testcase classname="com.billhub.qa.testcases.UserPageTest" name="addNewUserWithInactiveStatusTest" time="5.318"/>
  <testcase classname="com.billhub.qa.testcases.UserPageTest" name="addNewUserWithActiveStatusTest" time="0.939"/>
  <testcase classname="com.billhub.qa.testcases.UserPageTest" name="validateAddedUserInTheDatabaseTest" time="0.839"/>
  <testcase classname="com.billhub.qa.testcases.UserPageTest" name="addNewUserWithInvalidDataTest" time="22.491"/>
  <testcase classname="com.billhub.qa.testcases.UserPageTest" name="addNewUserWithDuplicateDataTest" time="22.191"/>
  <testcase classname="com.billhub.qa.testcases.UserPageTest" name="addNewUserWithoutDataTest" time="22.278"/>
  <testcase classname="com.billhub.qa.testcases.UserPageTest" name="searchUserByNameTest" time="1.459"/>
  <testcase classname="com.billhub.qa.testcases.UserPageTest" name="searchUserByBAGroupIDTest" time="0.851"/>
  <testcase classname="com.billhub.qa.testcases.UserPageTest" name="createCommercialForDifferentLocationTest" time="0.863"/>
  <testcase classname="com.billhub.qa.testcases.UserPageTest" name="createMDMAndReadOnlyUsersTest" time="24.605">
    <failure message="User is present but not found on searching expected [true] but found [false]" type="java.lang.AssertionError">
      <![CDATA[java.lang.AssertionError: User is present but not found on searching expected [true] but found [false]
at org.testng.Assert.fail(Assert.java:111)
at org.testng.Assert.failNotEquals(Assert.java:1578)
at org.testng.Assert.assertTrue(Assert.java:57)
at com.billhub.qa.testcases.UserPageTest.createMDMAndReadOnlyUsersTest(UserPageTest.java:152)
at java.base/jdk.internal.reflect.DirectMethodHandleAccessor.invoke(DirectMethodHandleAccessor.java:103)
at java.base/java.lang.reflect.Method.invoke(Method.java:580)
at org.testng.internal.invokers.MethodInvocationHelper.invokeMethod(MethodInvocationHelper.java:139)
at org.testng.internal.invokers.TestInvoker.invokeMethod(TestInvoker.java:664)
at org.testng.internal.invokers.TestInvoker.invokeTestMethod(TestInvoker.java:228)
at org.testng.internal.invokers.MethodRunner.runInSequence(MethodRunner.java:63)
at org.testng.internal.invokers.TestInvoker$MethodInvocationAgent.invoke(TestInvoker.java:961)
at org.testng.internal.invokers.TestInvoker.invokeTestMethods(TestInvoker.java:201)
at org.testng.internal.invokers.TestMethodWorker.invokeTestMethods(TestMethodWorker.java:148)
at org.testng.internal.invokers.TestMethodWorker.run(TestMethodWorker.java:128)
at java.base/java.util.ArrayList.forEach(ArrayList.java:1596)
at org.testng.TestRunner.privateRun(TestRunner.java:819)
at org.testng.TestRunner.run(TestRunner.java:619)
at org.testng.SuiteRunner.runTest(SuiteRunner.java:443)
at org.testng.SuiteRunner.runSequentially(SuiteRunner.java:437)
at org.testng.SuiteRunner.privateRun(SuiteRunner.java:397)
at org.testng.SuiteRunner.run(SuiteRunner.java:336)
at org.testng.SuiteRunnerWorker.runSuite(SuiteRunnerWorker.java:52)
at org.testng.SuiteRunnerWorker.run(SuiteRunnerWorker.java:95)
at org.testng.TestNG.runSuitesSequentially(TestNG.java:1301)
at org.testng.TestNG.runSuitesLocally(TestNG.java:1228)
at org.testng.TestNG.runSuites(TestNG.java:1134)
at org.testng.TestNG.run(TestNG.java:1101)
at org.testng.remote.AbstractRemoteTestNG.run(AbstractRemoteTestNG.java:115)
at org.testng.remote.RemoteTestNG.initAndRun(RemoteTestNG.java:251)
at org.testng.remote.RemoteTestNG.main(RemoteTestNG.java:77)
]]>
    </failure>
  </testcase> <!-- createMDMAndReadOnlyUsersTest -->
  <testcase classname="com.billhub.qa.testcases.UserPageTest" name="createAccountForSpecificCompanyTest" time="0.859"/>
  <testcase classname="com.billhub.qa.testcases.UserPageTest" name="updateUserTest" time="2.108"/>
</testsuite> <!-- com.billhub.qa.testcases.UserPageTest -->
