<html>
<head>
<title>TestNG:  BillHub App Test Cases</title>
<link href="../testng.css" rel="stylesheet" type="text/css" />
<link href="../my-testng.css" rel="stylesheet" type="text/css" />

<style type="text/css">
.log { display: none;} 
.stack-trace { display: none;} 
</style>
<script type="text/javascript">
<!--
function flip(e) {
  current = e.style.display;
  if (current == 'block') {
    e.style.display = 'none';
    return 0;
  }
  else {
    e.style.display = 'block';
    return 1;
  }
}

function toggleBox(szDivId, elem, msg1, msg2)
{
  var res = -1;  if (document.getElementById) {
    res = flip(document.getElementById(szDivId));
  }
  else if (document.all) {
    // this is the way old msie versions work
    res = flip(document.all[szDivId]);
  }
  if(elem) {
    if(res == 0) elem.innerHTML = msg1; else elem.innerHTML = msg2;
  }

}

function toggleAllBoxes() {
  if (document.getElementsByTagName) {
    d = document.getElementsByTagName('div');
    for (i = 0; i < d.length; i++) {
      if (d[i].className == 'log') {
        flip(d[i]);
      }
    }
  }
}

// -->
</script>

</head>
<body>
<h2 align='center'>BillHub App Test Cases</h2><table border='1' align="center">
<tr>
<td>Tests passed/Failed/Skipped:</td><td>30/8/0</td>
</tr><tr>
<td>Started on:</td><td>Tue Feb 27 17:20:31 IST 2024</td>
</tr>
<tr><td>Total time:</td><td>315 seconds (315166 ms)</td>
</tr><tr>
<td>Included groups:</td><td></td>
</tr><tr>
<td>Excluded groups:</td><td></td>
</tr>
</table><p/>
<small><i>(Hover the method name to see the test class name)</i></small><p/>
<table width='100%' border='1' class='invocation-failed'>
<tr><td colspan='4' align='center'><b>FAILED TESTS</b></td></tr>
<tr><td><b>Test method</b></td>
<td><b>Attribute(s)</b></td>
<td width="30%"><b>Exception</b></td>
<td width="10%"><b>Time (seconds)</b></td>
<td><b>Instance</b></td>
</tr>
<tr>
<td title='com.billhub.qa.testcases.UserPageTest.addNewUserWithInactiveStatusTest()'><b>addNewUserWithInactiveStatusTest</b><br>Test class: com.billhub.qa.testcases.UserPageTest</td>
<td><div><pre>java.lang.AssertionError: User was not added. expected [true] but found [false]
	at com.billhub.qa.testcases.UserPageTest.addNewUserWithInactiveStatusTest(UserPageTest.java:69)
	at java.base/java.util.ArrayList.forEach(ArrayList.java:1596)
... Removed 28 stack frames</pre></div><a href='#' onClick='toggleBox("stack-trace581865567", this, "Click to show all stack frames", "Click to hide stack frames")'>Click to show all stack frames</a>
<div class='stack-trace' id='stack-trace581865567'><pre>java.lang.AssertionError: User was not added. expected [true] but found [false]
	at org.testng.Assert.fail(Assert.java:111)
	at org.testng.Assert.failNotEquals(Assert.java:1578)
	at org.testng.Assert.assertTrue(Assert.java:57)
	at com.billhub.qa.testcases.UserPageTest.addNewUserWithInactiveStatusTest(UserPageTest.java:69)
	at java.base/jdk.internal.reflect.DirectMethodHandleAccessor.invoke(DirectMethodHandleAccessor.java:103)
	at java.base/java.lang.reflect.Method.invoke(Method.java:580)
	at org.testng.internal.invokers.MethodInvocationHelper.invokeMethod(MethodInvocationHelper.java:139)
	at org.testng.internal.invokers.TestInvoker.invokeMethod(TestInvoker.java:664)
	at org.testng.internal.invokers.TestInvoker.invokeTestMethod(TestInvoker.java:228)
	at org.testng.internal.invokers.MethodRunner.runInSequence(MethodRunner.java:63)
	at org.testng.internal.invokers.TestInvoker$MethodInvocationAgent.invoke(TestInvoker.java:961)
	at org.testng.internal.invokers.TestInvoker.invokeTestMethods(TestInvoker.java:201)
	at org.testng.internal.invokers.TestMethodWorker.invokeTestMethods(TestMethodWorker.java:148)
	at org.testng.internal.invokers.TestMethodWorker.run(TestMethodWorker.java:128)
	at java.base/java.util.ArrayList.forEach(ArrayList.java:1596)
	at org.testng.TestRunner.privateRun(TestRunner.java:819)
	at org.testng.TestRunner.run(TestRunner.java:619)
	at org.testng.SuiteRunner.runTest(SuiteRunner.java:443)
	at org.testng.SuiteRunner.runSequentially(SuiteRunner.java:437)
	at org.testng.SuiteRunner.privateRun(SuiteRunner.java:397)
	at org.testng.SuiteRunner.run(SuiteRunner.java:336)
	at org.testng.SuiteRunnerWorker.runSuite(SuiteRunnerWorker.java:52)
	at org.testng.SuiteRunnerWorker.run(SuiteRunnerWorker.java:95)
	at org.testng.TestNG.runSuitesSequentially(TestNG.java:1301)
	at org.testng.TestNG.runSuitesLocally(TestNG.java:1228)
	at org.testng.TestNG.runSuites(TestNG.java:1134)
	at org.testng.TestNG.run(TestNG.java:1101)
	at org.testng.remote.AbstractRemoteTestNG.run(AbstractRemoteTestNG.java:115)
	at org.testng.remote.RemoteTestNG.initAndRun(RemoteTestNG.java:251)
	at org.testng.remote.RemoteTestNG.main(RemoteTestNG.java:77)
</pre></div></td>
<td>11</td>
<td>com.billhub.qa.testcases.UserPageTest@77c2494c</td></tr>
<tr>
<td title='com.billhub.qa.testcases.TaxCodePageTest.addNewTaxCodeWithValidDataTest()'><b>addNewTaxCodeWithValidDataTest</b><br>Test class: com.billhub.qa.testcases.TaxCodePageTest</td>
<td><div><pre>java.lang.AssertionError: Tax Code was not added expected [true] but found [false]
	at com.billhub.qa.testcases.TaxCodePageTest.addNewTaxCodeWithValidDataTest(TaxCodePageTest.java:53)
	at java.base/java.util.ArrayList.forEach(ArrayList.java:1596)
... Removed 28 stack frames</pre></div><a href='#' onClick='toggleBox("stack-trace1974325564", this, "Click to show all stack frames", "Click to hide stack frames")'>Click to show all stack frames</a>
<div class='stack-trace' id='stack-trace1974325564'><pre>java.lang.AssertionError: Tax Code was not added expected [true] but found [false]
	at org.testng.Assert.fail(Assert.java:111)
	at org.testng.Assert.failNotEquals(Assert.java:1578)
	at org.testng.Assert.assertTrue(Assert.java:57)
	at com.billhub.qa.testcases.TaxCodePageTest.addNewTaxCodeWithValidDataTest(TaxCodePageTest.java:53)
	at java.base/jdk.internal.reflect.DirectMethodHandleAccessor.invoke(DirectMethodHandleAccessor.java:103)
	at java.base/java.lang.reflect.Method.invoke(Method.java:580)
	at org.testng.internal.invokers.MethodInvocationHelper.invokeMethod(MethodInvocationHelper.java:139)
	at org.testng.internal.invokers.TestInvoker.invokeMethod(TestInvoker.java:664)
	at org.testng.internal.invokers.TestInvoker.invokeTestMethod(TestInvoker.java:228)
	at org.testng.internal.invokers.MethodRunner.runInSequence(MethodRunner.java:63)
	at org.testng.internal.invokers.TestInvoker$MethodInvocationAgent.invoke(TestInvoker.java:961)
	at org.testng.internal.invokers.TestInvoker.invokeTestMethods(TestInvoker.java:201)
	at org.testng.internal.invokers.TestMethodWorker.invokeTestMethods(TestMethodWorker.java:148)
	at org.testng.internal.invokers.TestMethodWorker.run(TestMethodWorker.java:128)
	at java.base/java.util.ArrayList.forEach(ArrayList.java:1596)
	at org.testng.TestRunner.privateRun(TestRunner.java:819)
	at org.testng.TestRunner.run(TestRunner.java:619)
	at org.testng.SuiteRunner.runTest(SuiteRunner.java:443)
	at org.testng.SuiteRunner.runSequentially(SuiteRunner.java:437)
	at org.testng.SuiteRunner.privateRun(SuiteRunner.java:397)
	at org.testng.SuiteRunner.run(SuiteRunner.java:336)
	at org.testng.SuiteRunnerWorker.runSuite(SuiteRunnerWorker.java:52)
	at org.testng.SuiteRunnerWorker.run(SuiteRunnerWorker.java:95)
	at org.testng.TestNG.runSuitesSequentially(TestNG.java:1301)
	at org.testng.TestNG.runSuitesLocally(TestNG.java:1228)
	at org.testng.TestNG.runSuites(TestNG.java:1134)
	at org.testng.TestNG.run(TestNG.java:1101)
	at org.testng.remote.AbstractRemoteTestNG.run(AbstractRemoteTestNG.java:115)
	at org.testng.remote.RemoteTestNG.initAndRun(RemoteTestNG.java:251)
	at org.testng.remote.RemoteTestNG.main(RemoteTestNG.java:77)
</pre></div></td>
<td>10</td>
<td>com.billhub.qa.testcases.TaxCodePageTest@f5958c9</td></tr>
<tr>
<td title='com.billhub.qa.testcases.TaxCodePageTest.updateTaxCodeTest()'><b>updateTaxCodeTest</b><br>Test class: com.billhub.qa.testcases.TaxCodePageTest</td>
<td><div><pre>org.openqa.selenium.TimeoutException: Expected condition failed: waiting for element to be clickable: By.cssSelector: i[class=&apos;fa fa-edit&apos;] (tried for 5 second(s) with 500 milliseconds interval)
Build info: version: &apos;4.17.0&apos;, revision: &apos;e52b1be057*&apos;
System info: os.name: &apos;Windows 11&apos;, os.arch: &apos;amd64&apos;, os.version: &apos;10.0&apos;, java.version: &apos;21.0.2&apos;
Driver info: org.openqa.selenium.chrome.ChromeDriver
Capabilities {acceptInsecureCerts: false, browserName: chrome, browserVersion: 122.0.6261.69, chrome: {chromedriverVersion: 122.0.6261.69 (81bc525b6a36..., userDataDir: C:\Users\nisha\AppData\Loca...}, fedcm:accounts: true, goog:chromeOptions: {debuggerAddress: localhost:63145}, networkConnectionEnabled: false, pageLoadStrategy: normal, platformName: windows, proxy: Proxy(), se:cdp: ws://localhost:63145/devtoo..., se:cdpVersion: 122.0.6261.69, setWindowRect: true, strictFileInteractability: false, timeouts: {implicit: 0, pageLoad: 300000, script: 30000}, unhandledPromptBehavior: dismiss and notify, webauthn:extension:credBlob: true, webauthn:extension:largeBlob: true, webauthn:extension:minPinLength: true, webauthn:extension:prf: true, webauthn:virtualAuthenticators: true}
Session ID: 4e573196b1c4b0b696f4d21af1294da9
	at org.openqa.selenium.support.ui.WebDriverWait.timeoutException(WebDriverWait.java:84)
	at org.openqa.selenium.support.ui.FluentWait.until(FluentWait.java:228)
	at com.billhub.qa.utils.TestUtils.locateAndClickEditBtn(TestUtils.java:87)
	at com.billhub.qa.pages.TaxCodePage.updateTaxCode(TaxCodePage.java:127)
	at com.billhub.qa.testcases.TaxCodePageTest.updateTaxCodeTest(TaxCodePageTest.java:109)
	at java.base/java.util.ArrayList.forEach(ArrayList.java:1596)
... Removed 25 stack frames</pre></div><a href='#' onClick='toggleBox("stack-trace1045813316", this, "Click to show all stack frames", "Click to hide stack frames")'>Click to show all stack frames</a>
<div class='stack-trace' id='stack-trace1045813316'><pre>org.openqa.selenium.TimeoutException: Expected condition failed: waiting for element to be clickable: By.cssSelector: i[class=&apos;fa fa-edit&apos;] (tried for 5 second(s) with 500 milliseconds interval)
Build info: version: &apos;4.17.0&apos;, revision: &apos;e52b1be057*&apos;
System info: os.name: &apos;Windows 11&apos;, os.arch: &apos;amd64&apos;, os.version: &apos;10.0&apos;, java.version: &apos;21.0.2&apos;
Driver info: org.openqa.selenium.chrome.ChromeDriver
Capabilities {acceptInsecureCerts: false, browserName: chrome, browserVersion: 122.0.6261.69, chrome: {chromedriverVersion: 122.0.6261.69 (81bc525b6a36..., userDataDir: C:\Users\nisha\AppData\Loca...}, fedcm:accounts: true, goog:chromeOptions: {debuggerAddress: localhost:63145}, networkConnectionEnabled: false, pageLoadStrategy: normal, platformName: windows, proxy: Proxy(), se:cdp: ws://localhost:63145/devtoo..., se:cdpVersion: 122.0.6261.69, setWindowRect: true, strictFileInteractability: false, timeouts: {implicit: 0, pageLoad: 300000, script: 30000}, unhandledPromptBehavior: dismiss and notify, webauthn:extension:credBlob: true, webauthn:extension:largeBlob: true, webauthn:extension:minPinLength: true, webauthn:extension:prf: true, webauthn:virtualAuthenticators: true}
Session ID: 4e573196b1c4b0b696f4d21af1294da9
	at org.openqa.selenium.support.ui.WebDriverWait.timeoutException(WebDriverWait.java:84)
	at org.openqa.selenium.support.ui.FluentWait.until(FluentWait.java:228)
	at com.billhub.qa.utils.TestUtils.locateAndClickEditBtn(TestUtils.java:87)
	at com.billhub.qa.pages.TaxCodePage.updateTaxCode(TaxCodePage.java:127)
	at com.billhub.qa.testcases.TaxCodePageTest.updateTaxCodeTest(TaxCodePageTest.java:109)
	at java.base/jdk.internal.reflect.DirectMethodHandleAccessor.invoke(DirectMethodHandleAccessor.java:103)
	at java.base/java.lang.reflect.Method.invoke(Method.java:580)
	at org.testng.internal.invokers.MethodInvocationHelper.invokeMethod(MethodInvocationHelper.java:139)
	at org.testng.internal.invokers.TestInvoker.invokeMethod(TestInvoker.java:664)
	at org.testng.internal.invokers.TestInvoker.invokeTestMethod(TestInvoker.java:228)
	at org.testng.internal.invokers.MethodRunner.runInSequence(MethodRunner.java:63)
	at org.testng.internal.invokers.TestInvoker$MethodInvocationAgent.invoke(TestInvoker.java:961)
	at org.testng.internal.invokers.TestInvoker.invokeTestMethods(TestInvoker.java:201)
	at org.testng.internal.invokers.TestMethodWorker.invokeTestMethods(TestMethodWorker.java:148)
	at org.testng.internal.invokers.TestMethodWorker.run(TestMethodWorker.java:128)
	at java.base/java.util.ArrayList.forEach(ArrayList.java:1596)
	at org.testng.TestRunner.privateRun(TestRunner.java:819)
	at org.testng.TestRunner.run(TestRunner.java:619)
	at org.testng.SuiteRunner.runTest(SuiteRunner.java:443)
	at org.testng.SuiteRunner.runSequentially(SuiteRunner.java:437)
	at org.testng.SuiteRunner.privateRun(SuiteRunner.java:397)
	at org.testng.SuiteRunner.run(SuiteRunner.java:336)
	at org.testng.SuiteRunnerWorker.runSuite(SuiteRunnerWorker.java:52)
	at org.testng.SuiteRunnerWorker.run(SuiteRunnerWorker.java:95)
	at org.testng.TestNG.runSuitesSequentially(TestNG.java:1301)
	at org.testng.TestNG.runSuitesLocally(TestNG.java:1228)
	at org.testng.TestNG.runSuites(TestNG.java:1134)
	at org.testng.TestNG.run(TestNG.java:1101)
	at org.testng.remote.AbstractRemoteTestNG.run(AbstractRemoteTestNG.java:115)
	at org.testng.remote.RemoteTestNG.initAndRun(RemoteTestNG.java:251)
	at org.testng.remote.RemoteTestNG.main(RemoteTestNG.java:77)
</pre></div></td>
<td>20</td>
<td>com.billhub.qa.testcases.TaxCodePageTest@f5958c9</td></tr>
<tr>
<td title='com.billhub.qa.testcases.TaxCodePageTest.searchByTaxPercentageTest()'><b>searchByTaxPercentageTest</b><br>Test class: com.billhub.qa.testcases.TaxCodePageTest</td>
<td><div><pre>java.lang.AssertionError: Tax code is present but not found on searching. expected [true] but found [false]
	at com.billhub.qa.testcases.TaxCodePageTest.searchByTaxPercentageTest(TaxCodePageTest.java:102)
	at java.base/java.util.ArrayList.forEach(ArrayList.java:1596)
... Removed 28 stack frames</pre></div><a href='#' onClick='toggleBox("stack-trace535525049", this, "Click to show all stack frames", "Click to hide stack frames")'>Click to show all stack frames</a>
<div class='stack-trace' id='stack-trace535525049'><pre>java.lang.AssertionError: Tax code is present but not found on searching. expected [true] but found [false]
	at org.testng.Assert.fail(Assert.java:111)
	at org.testng.Assert.failNotEquals(Assert.java:1578)
	at org.testng.Assert.assertTrue(Assert.java:57)
	at com.billhub.qa.testcases.TaxCodePageTest.searchByTaxPercentageTest(TaxCodePageTest.java:102)
	at java.base/jdk.internal.reflect.DirectMethodHandleAccessor.invoke(DirectMethodHandleAccessor.java:103)
	at java.base/java.lang.reflect.Method.invoke(Method.java:580)
	at org.testng.internal.invokers.MethodInvocationHelper.invokeMethod(MethodInvocationHelper.java:139)
	at org.testng.internal.invokers.TestInvoker.invokeMethod(TestInvoker.java:664)
	at org.testng.internal.invokers.TestInvoker.invokeTestMethod(TestInvoker.java:228)
	at org.testng.internal.invokers.MethodRunner.runInSequence(MethodRunner.java:63)
	at org.testng.internal.invokers.TestInvoker$MethodInvocationAgent.invoke(TestInvoker.java:961)
	at org.testng.internal.invokers.TestInvoker.invokeTestMethods(TestInvoker.java:201)
	at org.testng.internal.invokers.TestMethodWorker.invokeTestMethods(TestMethodWorker.java:148)
	at org.testng.internal.invokers.TestMethodWorker.run(TestMethodWorker.java:128)
	at java.base/java.util.ArrayList.forEach(ArrayList.java:1596)
	at org.testng.TestRunner.privateRun(TestRunner.java:819)
	at org.testng.TestRunner.run(TestRunner.java:619)
	at org.testng.SuiteRunner.runTest(SuiteRunner.java:443)
	at org.testng.SuiteRunner.runSequentially(SuiteRunner.java:437)
	at org.testng.SuiteRunner.privateRun(SuiteRunner.java:397)
	at org.testng.SuiteRunner.run(SuiteRunner.java:336)
	at org.testng.SuiteRunnerWorker.runSuite(SuiteRunnerWorker.java:52)
	at org.testng.SuiteRunnerWorker.run(SuiteRunnerWorker.java:95)
	at org.testng.TestNG.runSuitesSequentially(TestNG.java:1301)
	at org.testng.TestNG.runSuitesLocally(TestNG.java:1228)
	at org.testng.TestNG.runSuites(TestNG.java:1134)
	at org.testng.TestNG.run(TestNG.java:1101)
	at org.testng.remote.AbstractRemoteTestNG.run(AbstractRemoteTestNG.java:115)
	at org.testng.remote.RemoteTestNG.initAndRun(RemoteTestNG.java:251)
	at org.testng.remote.RemoteTestNG.main(RemoteTestNG.java:77)
</pre></div></td>
<td>10</td>
<td>com.billhub.qa.testcases.TaxCodePageTest@f5958c9</td></tr>
<tr>
<td title='com.billhub.qa.testcases.UserPageTest.createMDMAndReadOnlyUsersTest()'><b>createMDMAndReadOnlyUsersTest</b><br>Test class: com.billhub.qa.testcases.UserPageTest</td>
<td><div><pre>java.lang.AssertionError: User is present but not found on searching expected [true] but found [false]
	at com.billhub.qa.testcases.UserPageTest.createMDMAndReadOnlyUsersTest(UserPageTest.java:152)
	at java.base/java.util.ArrayList.forEach(ArrayList.java:1596)
... Removed 28 stack frames</pre></div><a href='#' onClick='toggleBox("stack-trace590720754", this, "Click to show all stack frames", "Click to hide stack frames")'>Click to show all stack frames</a>
<div class='stack-trace' id='stack-trace590720754'><pre>java.lang.AssertionError: User is present but not found on searching expected [true] but found [false]
	at org.testng.Assert.fail(Assert.java:111)
	at org.testng.Assert.failNotEquals(Assert.java:1578)
	at org.testng.Assert.assertTrue(Assert.java:57)
	at com.billhub.qa.testcases.UserPageTest.createMDMAndReadOnlyUsersTest(UserPageTest.java:152)
	at java.base/jdk.internal.reflect.DirectMethodHandleAccessor.invoke(DirectMethodHandleAccessor.java:103)
	at java.base/java.lang.reflect.Method.invoke(Method.java:580)
	at org.testng.internal.invokers.MethodInvocationHelper.invokeMethod(MethodInvocationHelper.java:139)
	at org.testng.internal.invokers.TestInvoker.invokeMethod(TestInvoker.java:664)
	at org.testng.internal.invokers.TestInvoker.invokeTestMethod(TestInvoker.java:228)
	at org.testng.internal.invokers.MethodRunner.runInSequence(MethodRunner.java:63)
	at org.testng.internal.invokers.TestInvoker$MethodInvocationAgent.invoke(TestInvoker.java:961)
	at org.testng.internal.invokers.TestInvoker.invokeTestMethods(TestInvoker.java:201)
	at org.testng.internal.invokers.TestMethodWorker.invokeTestMethods(TestMethodWorker.java:148)
	at org.testng.internal.invokers.TestMethodWorker.run(TestMethodWorker.java:128)
	at java.base/java.util.ArrayList.forEach(ArrayList.java:1596)
	at org.testng.TestRunner.privateRun(TestRunner.java:819)
	at org.testng.TestRunner.run(TestRunner.java:619)
	at org.testng.SuiteRunner.runTest(SuiteRunner.java:443)
	at org.testng.SuiteRunner.runSequentially(SuiteRunner.java:437)
	at org.testng.SuiteRunner.privateRun(SuiteRunner.java:397)
	at org.testng.SuiteRunner.run(SuiteRunner.java:336)
	at org.testng.SuiteRunnerWorker.runSuite(SuiteRunnerWorker.java:52)
	at org.testng.SuiteRunnerWorker.run(SuiteRunnerWorker.java:95)
	at org.testng.TestNG.runSuitesSequentially(TestNG.java:1301)
	at org.testng.TestNG.runSuitesLocally(TestNG.java:1228)
	at org.testng.TestNG.runSuites(TestNG.java:1134)
	at org.testng.TestNG.run(TestNG.java:1101)
	at org.testng.remote.AbstractRemoteTestNG.run(AbstractRemoteTestNG.java:115)
	at org.testng.remote.RemoteTestNG.initAndRun(RemoteTestNG.java:251)
	at org.testng.remote.RemoteTestNG.main(RemoteTestNG.java:77)
</pre></div></td>
<td>21</td>
<td>com.billhub.qa.testcases.UserPageTest@77c2494c</td></tr>
<tr>
<td title='com.billhub.qa.testcases.ReasonPageTest.addNewReasonWithDuplicateDataTest()'><b>addNewReasonWithDuplicateDataTest</b><br>Test class: com.billhub.qa.testcases.ReasonPageTest</td>
<td><div><pre>java.lang.AssertionError: Duplicate data was added. expected [false] but found [true]
	at com.billhub.qa.testcases.ReasonPageTest.addNewReasonWithDuplicateDataTest(ReasonPageTest.java:75)
	at java.base/java.util.ArrayList.forEach(ArrayList.java:1596)
... Removed 28 stack frames</pre></div><a href='#' onClick='toggleBox("stack-trace303934490", this, "Click to show all stack frames", "Click to hide stack frames")'>Click to show all stack frames</a>
<div class='stack-trace' id='stack-trace303934490'><pre>java.lang.AssertionError: Duplicate data was added. expected [false] but found [true]
	at org.testng.Assert.fail(Assert.java:111)
	at org.testng.Assert.failNotEquals(Assert.java:1578)
	at org.testng.Assert.assertFalse(Assert.java:79)
	at com.billhub.qa.testcases.ReasonPageTest.addNewReasonWithDuplicateDataTest(ReasonPageTest.java:75)
	at java.base/jdk.internal.reflect.DirectMethodHandleAccessor.invoke(DirectMethodHandleAccessor.java:103)
	at java.base/java.lang.reflect.Method.invoke(Method.java:580)
	at org.testng.internal.invokers.MethodInvocationHelper.invokeMethod(MethodInvocationHelper.java:139)
	at org.testng.internal.invokers.TestInvoker.invokeMethod(TestInvoker.java:664)
	at org.testng.internal.invokers.TestInvoker.invokeTestMethod(TestInvoker.java:228)
	at org.testng.internal.invokers.MethodRunner.runInSequence(MethodRunner.java:63)
	at org.testng.internal.invokers.TestInvoker$MethodInvocationAgent.invoke(TestInvoker.java:961)
	at org.testng.internal.invokers.TestInvoker.invokeTestMethods(TestInvoker.java:201)
	at org.testng.internal.invokers.TestMethodWorker.invokeTestMethods(TestMethodWorker.java:148)
	at org.testng.internal.invokers.TestMethodWorker.run(TestMethodWorker.java:128)
	at java.base/java.util.ArrayList.forEach(ArrayList.java:1596)
	at org.testng.TestRunner.privateRun(TestRunner.java:819)
	at org.testng.TestRunner.run(TestRunner.java:619)
	at org.testng.SuiteRunner.runTest(SuiteRunner.java:443)
	at org.testng.SuiteRunner.runSequentially(SuiteRunner.java:437)
	at org.testng.SuiteRunner.privateRun(SuiteRunner.java:397)
	at org.testng.SuiteRunner.run(SuiteRunner.java:336)
	at org.testng.SuiteRunnerWorker.runSuite(SuiteRunnerWorker.java:52)
	at org.testng.SuiteRunnerWorker.run(SuiteRunnerWorker.java:95)
	at org.testng.TestNG.runSuitesSequentially(TestNG.java:1301)
	at org.testng.TestNG.runSuitesLocally(TestNG.java:1228)
	at org.testng.TestNG.runSuites(TestNG.java:1134)
	at org.testng.TestNG.run(TestNG.java:1101)
	at org.testng.remote.AbstractRemoteTestNG.run(AbstractRemoteTestNG.java:115)
	at org.testng.remote.RemoteTestNG.initAndRun(RemoteTestNG.java:251)
	at org.testng.remote.RemoteTestNG.main(RemoteTestNG.java:77)
</pre></div></td>
<td>0</td>
<td>com.billhub.qa.testcases.ReasonPageTest@233795b6</td></tr>
<tr>
<td title='com.billhub.qa.testcases.UserPageTest.addNewUserWithValidDataTest()'><b>addNewUserWithValidDataTest</b><br>Test class: com.billhub.qa.testcases.UserPageTest</td>
<td><div><pre>java.lang.AssertionError: User was not added. expected [true] but found [false]
	at com.billhub.qa.testcases.UserPageTest.addNewUserWithValidDataTest(UserPageTest.java:59)
	at java.base/java.util.ArrayList.forEach(ArrayList.java:1596)
... Removed 28 stack frames</pre></div><a href='#' onClick='toggleBox("stack-trace996944870", this, "Click to show all stack frames", "Click to hide stack frames")'>Click to show all stack frames</a>
<div class='stack-trace' id='stack-trace996944870'><pre>java.lang.AssertionError: User was not added. expected [true] but found [false]
	at org.testng.Assert.fail(Assert.java:111)
	at org.testng.Assert.failNotEquals(Assert.java:1578)
	at org.testng.Assert.assertTrue(Assert.java:57)
	at com.billhub.qa.testcases.UserPageTest.addNewUserWithValidDataTest(UserPageTest.java:59)
	at java.base/jdk.internal.reflect.DirectMethodHandleAccessor.invoke(DirectMethodHandleAccessor.java:103)
	at java.base/java.lang.reflect.Method.invoke(Method.java:580)
	at org.testng.internal.invokers.MethodInvocationHelper.invokeMethod(MethodInvocationHelper.java:139)
	at org.testng.internal.invokers.TestInvoker.invokeMethod(TestInvoker.java:664)
	at org.testng.internal.invokers.TestInvoker.invokeTestMethod(TestInvoker.java:228)
	at org.testng.internal.invokers.MethodRunner.runInSequence(MethodRunner.java:63)
	at org.testng.internal.invokers.TestInvoker$MethodInvocationAgent.invoke(TestInvoker.java:961)
	at org.testng.internal.invokers.TestInvoker.invokeTestMethods(TestInvoker.java:201)
	at org.testng.internal.invokers.TestMethodWorker.invokeTestMethods(TestMethodWorker.java:148)
	at org.testng.internal.invokers.TestMethodWorker.run(TestMethodWorker.java:128)
	at java.base/java.util.ArrayList.forEach(ArrayList.java:1596)
	at org.testng.TestRunner.privateRun(TestRunner.java:819)
	at org.testng.TestRunner.run(TestRunner.java:619)
	at org.testng.SuiteRunner.runTest(SuiteRunner.java:443)
	at org.testng.SuiteRunner.runSequentially(SuiteRunner.java:437)
	at org.testng.SuiteRunner.privateRun(SuiteRunner.java:397)
	at org.testng.SuiteRunner.run(SuiteRunner.java:336)
	at org.testng.SuiteRunnerWorker.runSuite(SuiteRunnerWorker.java:52)
	at org.testng.SuiteRunnerWorker.run(SuiteRunnerWorker.java:95)
	at org.testng.TestNG.runSuitesSequentially(TestNG.java:1301)
	at org.testng.TestNG.runSuitesLocally(TestNG.java:1228)
	at org.testng.TestNG.runSuites(TestNG.java:1134)
	at org.testng.TestNG.run(TestNG.java:1101)
	at org.testng.remote.AbstractRemoteTestNG.run(AbstractRemoteTestNG.java:115)
	at org.testng.remote.RemoteTestNG.initAndRun(RemoteTestNG.java:251)
	at org.testng.remote.RemoteTestNG.main(RemoteTestNG.java:77)
</pre></div></td>
<td>12</td>
<td>com.billhub.qa.testcases.UserPageTest@77c2494c</td></tr>
<tr>
<td title='com.billhub.qa.testcases.BAPageTest.searchBAByNameTest()'><b>searchBAByNameTest</b><br>Test class: com.billhub.qa.testcases.BAPageTest</td>
<td><div><pre>java.lang.AssertionError: BA is present but not found on searching expected [true] but found [false]
	at com.billhub.qa.testcases.BAPageTest.searchBAByNameTest(BAPageTest.java:137)
	at java.base/java.util.ArrayList.forEach(ArrayList.java:1596)
... Removed 28 stack frames</pre></div><a href='#' onClick='toggleBox("stack-trace42007293", this, "Click to show all stack frames", "Click to hide stack frames")'>Click to show all stack frames</a>
<div class='stack-trace' id='stack-trace42007293'><pre>java.lang.AssertionError: BA is present but not found on searching expected [true] but found [false]
	at org.testng.Assert.fail(Assert.java:111)
	at org.testng.Assert.failNotEquals(Assert.java:1578)
	at org.testng.Assert.assertTrue(Assert.java:57)
	at com.billhub.qa.testcases.BAPageTest.searchBAByNameTest(BAPageTest.java:137)
	at java.base/jdk.internal.reflect.DirectMethodHandleAccessor.invoke(DirectMethodHandleAccessor.java:103)
	at java.base/java.lang.reflect.Method.invoke(Method.java:580)
	at org.testng.internal.invokers.MethodInvocationHelper.invokeMethod(MethodInvocationHelper.java:139)
	at org.testng.internal.invokers.TestInvoker.invokeMethod(TestInvoker.java:664)
	at org.testng.internal.invokers.TestInvoker.invokeTestMethod(TestInvoker.java:228)
	at org.testng.internal.invokers.MethodRunner.runInSequence(MethodRunner.java:63)
	at org.testng.internal.invokers.TestInvoker$MethodInvocationAgent.invoke(TestInvoker.java:961)
	at org.testng.internal.invokers.TestInvoker.invokeTestMethods(TestInvoker.java:201)
	at org.testng.internal.invokers.TestMethodWorker.invokeTestMethods(TestMethodWorker.java:148)
	at org.testng.internal.invokers.TestMethodWorker.run(TestMethodWorker.java:128)
	at java.base/java.util.ArrayList.forEach(ArrayList.java:1596)
	at org.testng.TestRunner.privateRun(TestRunner.java:819)
	at org.testng.TestRunner.run(TestRunner.java:619)
	at org.testng.SuiteRunner.runTest(SuiteRunner.java:443)
	at org.testng.SuiteRunner.runSequentially(SuiteRunner.java:437)
	at org.testng.SuiteRunner.privateRun(SuiteRunner.java:397)
	at org.testng.SuiteRunner.run(SuiteRunner.java:336)
	at org.testng.SuiteRunnerWorker.runSuite(SuiteRunnerWorker.java:52)
	at org.testng.SuiteRunnerWorker.run(SuiteRunnerWorker.java:95)
	at org.testng.TestNG.runSuitesSequentially(TestNG.java:1301)
	at org.testng.TestNG.runSuitesLocally(TestNG.java:1228)
	at org.testng.TestNG.runSuites(TestNG.java:1134)
	at org.testng.TestNG.run(TestNG.java:1101)
	at org.testng.remote.AbstractRemoteTestNG.run(AbstractRemoteTestNG.java:115)
	at org.testng.remote.RemoteTestNG.initAndRun(RemoteTestNG.java:251)
	at org.testng.remote.RemoteTestNG.main(RemoteTestNG.java:77)
</pre></div></td>
<td>11</td>
<td>com.billhub.qa.testcases.BAPageTest@682b2fa</td></tr>
</table><p>
<table width='100%' border='1' class='invocation-passed'>
<tr><td colspan='4' align='center'><b>PASSED TESTS</b></td></tr>
<tr><td><b>Test method</b></td>
<td><b>Attribute(s)</b></td>
<td width="30%"><b>Exception</b></td>
<td width="10%"><b>Time (seconds)</b></td>
<td><b>Instance</b></td>
</tr>
<tr>
<td title='com.billhub.qa.testcases.BAPageTest.addNewBAWithActiveStatusTest()'><b>addNewBAWithActiveStatusTest</b><br>Test class: com.billhub.qa.testcases.BAPageTest</td>
<td></td>
<td>1</td>
<td>com.billhub.qa.testcases.BAPageTest@682b2fa</td></tr>
<tr>
<td title='com.billhub.qa.testcases.ReasonPageTest.addNewReasonWithValidDataTest()'><b>addNewReasonWithValidDataTest</b><br>Test class: com.billhub.qa.testcases.ReasonPageTest</td>
<td></td>
<td>1</td>
<td>com.billhub.qa.testcases.ReasonPageTest@233795b6</td></tr>
<tr>
<td title='com.billhub.qa.testcases.BAPageTest.addNewBaWithInvalidDataTest()'><b>addNewBaWithInvalidDataTest</b><br>Test class: com.billhub.qa.testcases.BAPageTest</td>
<td></td>
<td>12</td>
<td>com.billhub.qa.testcases.BAPageTest@682b2fa</td></tr>
<tr>
<td title='com.billhub.qa.testcases.TaxCodePageTest.searchByTaxCodeTest()'><b>searchByTaxCodeTest</b><br>Test class: com.billhub.qa.testcases.TaxCodePageTest</td>
<td></td>
<td>0</td>
<td>com.billhub.qa.testcases.TaxCodePageTest@f5958c9</td></tr>
<tr>
<td title='com.billhub.qa.testcases.BAPageTest.addNewBaWithValidDataTest()'><b>addNewBaWithValidDataTest</b><br>Test class: com.billhub.qa.testcases.BAPageTest</td>
<td></td>
<td>1</td>
<td>com.billhub.qa.testcases.BAPageTest@682b2fa</td></tr>
<tr>
<td title='com.billhub.qa.testcases.ReasonPageTest.searchByReasonNameTest()'><b>searchByReasonNameTest</b><br>Test class: com.billhub.qa.testcases.ReasonPageTest</td>
<td></td>
<td>1</td>
<td>com.billhub.qa.testcases.ReasonPageTest@233795b6</td></tr>
<tr>
<td title='com.billhub.qa.testcases.UserPageTest.searchUserByBAGroupIDTest()'><b>searchUserByBAGroupIDTest</b><br>Test class: com.billhub.qa.testcases.UserPageTest</td>
<td></td>
<td>0</td>
<td>com.billhub.qa.testcases.UserPageTest@77c2494c</td></tr>
<tr>
<td title='com.billhub.qa.testcases.BAPageTest.addNewBAWithDuplicateDataTest()'><b>addNewBAWithDuplicateDataTest</b><br>Test class: com.billhub.qa.testcases.BAPageTest</td>
<td></td>
<td>11</td>
<td>com.billhub.qa.testcases.BAPageTest@682b2fa</td></tr>
<tr>
<td title='com.billhub.qa.testcases.ReasonPageTest.searchByReasonCodeTest()'><b>searchByReasonCodeTest</b><br>Test class: com.billhub.qa.testcases.ReasonPageTest</td>
<td></td>
<td>0</td>
<td>com.billhub.qa.testcases.ReasonPageTest@233795b6</td></tr>
<tr>
<td title='com.billhub.qa.testcases.BAPageTest.updateBATest()'><b>updateBATest</b><br>Test class: com.billhub.qa.testcases.BAPageTest</td>
<td></td>
<td>6</td>
<td>com.billhub.qa.testcases.BAPageTest@682b2fa</td></tr>
<tr>
<td title='com.billhub.qa.testcases.BAPageTest.validateAddedBAInTheDatabaseTest()'><b>validateAddedBAInTheDatabaseTest</b><br>Test class: com.billhub.qa.testcases.BAPageTest</td>
<td></td>
<td>0</td>
<td>com.billhub.qa.testcases.BAPageTest@682b2fa</td></tr>
<tr>
<td title='com.billhub.qa.testcases.UserPageTest.updateUserTest()'><b>updateUserTest</b><br>Test class: com.billhub.qa.testcases.UserPageTest</td>
<td></td>
<td>1</td>
<td>com.billhub.qa.testcases.UserPageTest@77c2494c</td></tr>
<tr>
<td title='com.billhub.qa.testcases.UserPageTest.addNewUserWithDuplicateDataTest()'><b>addNewUserWithDuplicateDataTest</b><br>Test class: com.billhub.qa.testcases.UserPageTest</td>
<td></td>
<td>10</td>
<td>com.billhub.qa.testcases.UserPageTest@77c2494c</td></tr>
<tr>
<td title='com.billhub.qa.testcases.ReasonPageTest.addNewReasonWithoutDataTest()'><b>addNewReasonWithoutDataTest</b><br>Test class: com.billhub.qa.testcases.ReasonPageTest</td>
<td></td>
<td>10</td>
<td>com.billhub.qa.testcases.ReasonPageTest@233795b6</td></tr>
<tr>
<td title='com.billhub.qa.testcases.UserPageTest.addNewUserWithoutDataTest()'><b>addNewUserWithoutDataTest</b><br>Test class: com.billhub.qa.testcases.UserPageTest</td>
<td></td>
<td>11</td>
<td>com.billhub.qa.testcases.UserPageTest@77c2494c</td></tr>
<tr>
<td title='com.billhub.qa.testcases.TaxCodePageTest.validateAddedTaxCodeInTheDatabaseTest()'><b>validateAddedTaxCodeInTheDatabaseTest</b><br>Test class: com.billhub.qa.testcases.TaxCodePageTest</td>
<td></td>
<td>0</td>
<td>com.billhub.qa.testcases.TaxCodePageTest@f5958c9</td></tr>
<tr>
<td title='com.billhub.qa.testcases.TaxCodePageTest.addNewTaxCodeWithoutDataTest()'><b>addNewTaxCodeWithoutDataTest</b><br>Test class: com.billhub.qa.testcases.TaxCodePageTest</td>
<td></td>
<td>10</td>
<td>com.billhub.qa.testcases.TaxCodePageTest@f5958c9</td></tr>
<tr>
<td title='com.billhub.qa.testcases.UserPageTest.searchUserByNameTest()'><b>searchUserByNameTest</b><br>Test class: com.billhub.qa.testcases.UserPageTest</td>
<td></td>
<td>0</td>
<td>com.billhub.qa.testcases.UserPageTest@77c2494c</td></tr>
<tr>
<td title='com.billhub.qa.testcases.UserPageTest.createCommercialForDifferentLocationTest()'><b>createCommercialForDifferentLocationTest</b><br>Test class: com.billhub.qa.testcases.UserPageTest</td>
<td></td>
<td>0</td>
<td>com.billhub.qa.testcases.UserPageTest@77c2494c</td></tr>
<tr>
<td title='com.billhub.qa.testcases.BAPageTest.searchBAByCodeTest()'><b>searchBAByCodeTest</b><br>Test class: com.billhub.qa.testcases.BAPageTest</td>
<td></td>
<td>0</td>
<td>com.billhub.qa.testcases.BAPageTest@682b2fa</td></tr>
<tr>
<td title='com.billhub.qa.testcases.UserPageTest.validateAddedUserInTheDatabaseTest()'><b>validateAddedUserInTheDatabaseTest</b><br>Test class: com.billhub.qa.testcases.UserPageTest</td>
<td></td>
<td>0</td>
<td>com.billhub.qa.testcases.UserPageTest@77c2494c</td></tr>
<tr>
<td title='com.billhub.qa.testcases.UserPageTest.addNewUserWithActiveStatusTest()'><b>addNewUserWithActiveStatusTest</b><br>Test class: com.billhub.qa.testcases.UserPageTest</td>
<td></td>
<td>0</td>
<td>com.billhub.qa.testcases.UserPageTest@77c2494c</td></tr>
<tr>
<td title='com.billhub.qa.testcases.BAPageTest.addNewBAWithInactiveStatusTest()'><b>addNewBAWithInactiveStatusTest</b><br>Test class: com.billhub.qa.testcases.BAPageTest</td>
<td></td>
<td>4</td>
<td>com.billhub.qa.testcases.BAPageTest@682b2fa</td></tr>
<tr>
<td title='com.billhub.qa.testcases.TaxCodePageTest.addNewTaxCodeWithInvalidDataTest()'><b>addNewTaxCodeWithInvalidDataTest</b><br>Test class: com.billhub.qa.testcases.TaxCodePageTest</td>
<td></td>
<td>10</td>
<td>com.billhub.qa.testcases.TaxCodePageTest@f5958c9</td></tr>
<tr>
<td title='com.billhub.qa.testcases.TaxCodePageTest.addNewTaxCodeWithDuplicateDataTest()'><b>addNewTaxCodeWithDuplicateDataTest</b><br>Test class: com.billhub.qa.testcases.TaxCodePageTest</td>
<td></td>
<td>10</td>
<td>com.billhub.qa.testcases.TaxCodePageTest@f5958c9</td></tr>
<tr>
<td title='com.billhub.qa.testcases.ReasonPageTest.updateReasonTest()'><b>updateReasonTest</b><br>Test class: com.billhub.qa.testcases.ReasonPageTest</td>
<td></td>
<td>4</td>
<td>com.billhub.qa.testcases.ReasonPageTest@233795b6</td></tr>
<tr>
<td title='com.billhub.qa.testcases.UserPageTest.createAccountForSpecificCompanyTest()'><b>createAccountForSpecificCompanyTest</b><br>Test class: com.billhub.qa.testcases.UserPageTest</td>
<td></td>
<td>0</td>
<td>com.billhub.qa.testcases.UserPageTest@77c2494c</td></tr>
<tr>
<td title='com.billhub.qa.testcases.ReasonPageTest.addNewReasonWithInvalidDataTest()'><b>addNewReasonWithInvalidDataTest</b><br>Test class: com.billhub.qa.testcases.ReasonPageTest</td>
<td></td>
<td>13</td>
<td>com.billhub.qa.testcases.ReasonPageTest@233795b6</td></tr>
<tr>
<td title='com.billhub.qa.testcases.UserPageTest.addNewUserWithInvalidDataTest()'><b>addNewUserWithInvalidDataTest</b><br>Test class: com.billhub.qa.testcases.UserPageTest</td>
<td></td>
<td>10</td>
<td>com.billhub.qa.testcases.UserPageTest@77c2494c</td></tr>
<tr>
<td title='com.billhub.qa.testcases.BAPageTest.addNewBaWithoutDataTest()'><b>addNewBaWithoutDataTest</b><br>Test class: com.billhub.qa.testcases.BAPageTest</td>
<td></td>
<td>10</td>
<td>com.billhub.qa.testcases.BAPageTest@682b2fa</td></tr>
</table><p>
</body>
</html>